Determining if the Q_WS_WIN exist failed with the following output:
Change Dir: /home/tim/git/Masters/ProjectCodeGUI/build/CMakeFiles/CMakeTmp

Run Build Command:"/usr/bin/make" "cmTryCompileExec3403283365/fast"
/usr/bin/make -f CMakeFiles/cmTryCompileExec3403283365.dir/build.make CMakeFiles/cmTryCompileExec3403283365.dir/build
make[1]: Entering directory '/home/tim/git/Masters/ProjectCodeGUI/build/CMakeFiles/CMakeTmp'
/usr/bin/cmake -E cmake_progress_report /home/tim/git/Masters/ProjectCodeGUI/build/CMakeFiles/CMakeTmp/CMakeFiles 1
Building CXX object CMakeFiles/cmTryCompileExec3403283365.dir/CheckSymbolExists.cxx.o
/usr/bin/c++    -I/usr/include/qt4    -o CMakeFiles/cmTryCompileExec3403283365.dir/CheckSymbolExists.cxx.o -c /home/tim/git/Masters/ProjectCodeGUI/build/CMakeFiles/CMakeTmp/CheckSymbolExists.cxx
/home/tim/git/Masters/ProjectCodeGUI/build/CMakeFiles/CMakeTmp/CheckSymbolExists.cxx: In function ‘int main(int, char**)’:
/home/tim/git/Masters/ProjectCodeGUI/build/CMakeFiles/CMakeTmp/CheckSymbolExists.cxx:8:19: error: ‘Q_WS_WIN’ was not declared in this scope
   return ((int*)(&Q_WS_WIN))[argc];
                   ^
CMakeFiles/cmTryCompileExec3403283365.dir/build.make:57: recipe for target 'CMakeFiles/cmTryCompileExec3403283365.dir/CheckSymbolExists.cxx.o' failed
make[1]: Leaving directory '/home/tim/git/Masters/ProjectCodeGUI/build/CMakeFiles/CMakeTmp'
make[1]: *** [CMakeFiles/cmTryCompileExec3403283365.dir/CheckSymbolExists.cxx.o] Error 1
Makefile:118: recipe for target 'cmTryCompileExec3403283365/fast' failed
make: *** [cmTryCompileExec3403283365/fast] Error 2

File /home/tim/git/Masters/ProjectCodeGUI/build/CMakeFiles/CMakeTmp/CheckSymbolExists.cxx:
/* */
#include <QtCore/qglobal.h>

int main(int argc, char** argv)
{
  (void)argv;
#ifndef Q_WS_WIN
  return ((int*)(&Q_WS_WIN))[argc];
#else
  (void)argc;
  return 0;
#endif
}

Determining if the Q_WS_QWS exist failed with the following output:
Change Dir: /home/tim/git/Masters/ProjectCodeGUI/build/CMakeFiles/CMakeTmp

Run Build Command:"/usr/bin/make" "cmTryCompileExec219395536/fast"
/usr/bin/make -f CMakeFiles/cmTryCompileExec219395536.dir/build.make CMakeFiles/cmTryCompileExec219395536.dir/build
make[1]: Entering directory '/home/tim/git/Masters/ProjectCodeGUI/build/CMakeFiles/CMakeTmp'
/usr/bin/cmake -E cmake_progress_report /home/tim/git/Masters/ProjectCodeGUI/build/CMakeFiles/CMakeTmp/CMakeFiles 1
Building CXX object CMakeFiles/cmTryCompileExec219395536.dir/CheckSymbolExists.cxx.o
/usr/bin/c++    -I/usr/include/qt4    -o CMakeFiles/cmTryCompileExec219395536.dir/CheckSymbolExists.cxx.o -c /home/tim/git/Masters/ProjectCodeGUI/build/CMakeFiles/CMakeTmp/CheckSymbolExists.cxx
/home/tim/git/Masters/ProjectCodeGUI/build/CMakeFiles/CMakeTmp/CheckSymbolExists.cxx: In function ‘int main(int, char**)’:
/home/tim/git/Masters/ProjectCodeGUI/build/CMakeFiles/CMakeTmp/CheckSymbolExists.cxx:8:19: error: ‘Q_WS_QWS’ was not declared in this scope
   return ((int*)(&Q_WS_QWS))[argc];
                   ^
CMakeFiles/cmTryCompileExec219395536.dir/build.make:57: recipe for target 'CMakeFiles/cmTryCompileExec219395536.dir/CheckSymbolExists.cxx.o' failed
make[1]: Leaving directory '/home/tim/git/Masters/ProjectCodeGUI/build/CMakeFiles/CMakeTmp'
make[1]: *** [CMakeFiles/cmTryCompileExec219395536.dir/CheckSymbolExists.cxx.o] Error 1
Makefile:118: recipe for target 'cmTryCompileExec219395536/fast' failed
make: *** [cmTryCompileExec219395536/fast] Error 2

File /home/tim/git/Masters/ProjectCodeGUI/build/CMakeFiles/CMakeTmp/CheckSymbolExists.cxx:
/* */
#include <QtCore/qglobal.h>

int main(int argc, char** argv)
{
  (void)argv;
#ifndef Q_WS_QWS
  return ((int*)(&Q_WS_QWS))[argc];
#else
  (void)argc;
  return 0;
#endif
}

Determining if the Q_WS_MAC exist failed with the following output:
Change Dir: /home/tim/git/Masters/ProjectCodeGUI/build/CMakeFiles/CMakeTmp

Run Build Command:"/usr/bin/make" "cmTryCompileExec1669175579/fast"
/usr/bin/make -f CMakeFiles/cmTryCompileExec1669175579.dir/build.make CMakeFiles/cmTryCompileExec1669175579.dir/build
make[1]: Entering directory '/home/tim/git/Masters/ProjectCodeGUI/build/CMakeFiles/CMakeTmp'
/usr/bin/cmake -E cmake_progress_report /home/tim/git/Masters/ProjectCodeGUI/build/CMakeFiles/CMakeTmp/CMakeFiles 1
Building CXX object CMakeFiles/cmTryCompileExec1669175579.dir/CheckSymbolExists.cxx.o
/usr/bin/c++    -I/usr/include/qt4    -o CMakeFiles/cmTryCompileExec1669175579.dir/CheckSymbolExists.cxx.o -c /home/tim/git/Masters/ProjectCodeGUI/build/CMakeFiles/CMakeTmp/CheckSymbolExists.cxx
/home/tim/git/Masters/ProjectCodeGUI/build/CMakeFiles/CMakeTmp/CheckSymbolExists.cxx: In function ‘int main(int, char**)’:
/home/tim/git/Masters/ProjectCodeGUI/build/CMakeFiles/CMakeTmp/CheckSymbolExists.cxx:8:19: error: ‘Q_WS_MAC’ was not declared in this scope
   return ((int*)(&Q_WS_MAC))[argc];
                   ^
CMakeFiles/cmTryCompileExec1669175579.dir/build.make:57: recipe for target 'CMakeFiles/cmTryCompileExec1669175579.dir/CheckSymbolExists.cxx.o' failed
make[1]: Leaving directory '/home/tim/git/Masters/ProjectCodeGUI/build/CMakeFiles/CMakeTmp'
make[1]: *** [CMakeFiles/cmTryCompileExec1669175579.dir/CheckSymbolExists.cxx.o] Error 1
Makefile:118: recipe for target 'cmTryCompileExec1669175579/fast' failed
make: *** [cmTryCompileExec1669175579/fast] Error 2

File /home/tim/git/Masters/ProjectCodeGUI/build/CMakeFiles/CMakeTmp/CheckSymbolExists.cxx:
/* */
#include <QtCore/qglobal.h>

int main(int argc, char** argv)
{
  (void)argv;
#ifndef Q_WS_MAC
  return ((int*)(&Q_WS_MAC))[argc];
#else
  (void)argc;
  return 0;
#endif
}

